INFO coremltools: Converting graph.
DEBUG coremltools: Adding op 'cast_0' of type cast
DEBUG coremltools: Adding const op 'cast_0_dtype_0'
DEBUG coremltools: Adding op 'cast_0_dtype_0' of type const
DEBUG coremltools: Adding op 'router.gate.weight' of type const
DEBUG coremltools: Adding op 'expert.up.weight' of type const
DEBUG coremltools: Adding op 'expert.gate.weight' of type const
DEBUG coremltools: Adding op 'expert.down.weight' of type const
INFO coremltools: Converting op 4 : constant
INFO coremltools: Converting op 5 : constant
DEBUG coremltools: Adding op '5' of type const
INFO coremltools: Converting op 6 : constant
DEBUG coremltools: Adding op '6' of type const
INFO coremltools: Converting op 7 : constant
DEBUG coremltools: Adding op '7' of type const
INFO coremltools: Converting op 8 : constant
DEBUG coremltools: Adding op '8' of type const
INFO coremltools: Converting op 11 : listconstruct
DEBUG coremltools: Adding op '11' of type const
INFO coremltools: Converting op 12 : listconstruct
DEBUG coremltools: Adding op '12' of type const
INFO coremltools: Converting op 13 : listconstruct
DEBUG coremltools: Adding op '13' of type const
INFO coremltools: Converting op 14 : listconstruct
DEBUG coremltools: Adding op '14' of type const
INFO coremltools: Converting op 15 : _convolution
DEBUG coremltools: Adding op 'router.gate.weight_promoted' of type const
DEBUG coremltools: Adding op '15' of type conv
DEBUG coremltools: Adding const op '15_pad_type_0'
DEBUG coremltools: Adding op '15_pad_type_0' of type const
DEBUG coremltools: Adding const op '15_strides_0'
DEBUG coremltools: Adding op '15_strides_0' of type const
DEBUG coremltools: Downcast const op 15_strides_0 data int64 as int32
DEBUG coremltools: Downcast const op 15_strides_0 data int64 as int32
DEBUG coremltools: Adding const op '15_pad_0'
DEBUG coremltools: Adding op '15_pad_0' of type const
DEBUG coremltools: Downcast const op 15_pad_0 data int64 as int32
DEBUG coremltools: Downcast const op 15_pad_0 data int64 as int32
DEBUG coremltools: Adding const op '15_dilations_0'
DEBUG coremltools: Adding op '15_dilations_0' of type const
DEBUG coremltools: Downcast const op 15_dilations_0 data int64 as int32
DEBUG coremltools: Downcast const op 15_dilations_0 data int64 as int32
DEBUG coremltools: Adding const op '15_groups_0'
DEBUG coremltools: Adding op '15_groups_0' of type const
INFO coremltools: Converting op 16 : softmax
DEBUG coremltools: Adding op '16' of type softmax
INFO coremltools: Converting op 17 : constant
DEBUG coremltools: Adding op '17' of type const
INFO coremltools: Converting op 18 : constant
DEBUG coremltools: Adding op '18' of type const
INFO coremltools: Converting op 19 : constant
INFO coremltools: Converting op 20 : constant
DEBUG coremltools: Adding op '20' of type const
INFO coremltools: Converting op 21 : slice
DEBUG coremltools: Adding op '21' of type identity
INFO coremltools: Converting op 22 : constant
DEBUG coremltools: Adding op '22' of type const
INFO coremltools: Converting op 23 : constant
DEBUG coremltools: Adding op '23' of type const
INFO coremltools: Converting op 24 : constant
DEBUG coremltools: Adding op '24' of type const
INFO coremltools: Converting op 25 : constant
DEBUG coremltools: Adding op '25' of type const
INFO coremltools: Converting op w : slice
DEBUG coremltools: Adding op 'w' of type slice_by_index
DEBUG coremltools: Adding const op 'w_begin_0'
DEBUG coremltools: Adding op 'w_begin_0' of type const
DEBUG coremltools: Downcast const op w_begin_0 data int64 as int32
DEBUG coremltools: Downcast const op w_begin_0 data int64 as int32
DEBUG coremltools: Adding const op 'w_end_0'
DEBUG coremltools: Adding op 'w_end_0' of type const
DEBUG coremltools: Downcast const op w_end_0 data int64 as int32
DEBUG coremltools: Downcast const op w_end_0 data int64 as int32
DEBUG coremltools: Adding const op 'w_end_mask_0'
DEBUG coremltools: Adding op 'w_end_mask_0' of type const
INFO coremltools: Converting op 27 : constant
INFO coremltools: Converting op 28 : constant
DEBUG coremltools: Adding op '28' of type const
INFO coremltools: Converting op 29 : constant
DEBUG coremltools: Adding op '29' of type const
INFO coremltools: Converting op 30 : constant
DEBUG coremltools: Adding op '30' of type const
INFO coremltools: Converting op 31 : constant
DEBUG coremltools: Adding op '31' of type const
INFO coremltools: Converting op 36 : listconstruct
DEBUG coremltools: Adding op '36' of type const
INFO coremltools: Converting op 37 : listconstruct
DEBUG coremltools: Adding op '37' of type const
INFO coremltools: Converting op 38 : listconstruct
DEBUG coremltools: Adding op '38' of type const
INFO coremltools: Converting op 39 : listconstruct
DEBUG coremltools: Adding op '39' of type const
INFO coremltools: Converting op u : _convolution
DEBUG coremltools: Adding op 'expert.up.weight_promoted' of type const
DEBUG coremltools: Adding op 'u' of type conv
DEBUG coremltools: Adding const op 'u_pad_type_0'
DEBUG coremltools: Adding op 'u_pad_type_0' of type const
DEBUG coremltools: Adding const op 'u_strides_0'
DEBUG coremltools: Adding op 'u_strides_0' of type const
DEBUG coremltools: Downcast const op u_strides_0 data int64 as int32
DEBUG coremltools: Downcast const op u_strides_0 data int64 as int32
DEBUG coremltools: Adding const op 'u_pad_0'
DEBUG coremltools: Adding op 'u_pad_0' of type const
DEBUG coremltools: Downcast const op u_pad_0 data int64 as int32
DEBUG coremltools: Downcast const op u_pad_0 data int64 as int32
DEBUG coremltools: Adding const op 'u_dilations_0'
DEBUG coremltools: Adding op 'u_dilations_0' of type const
DEBUG coremltools: Downcast const op u_dilations_0 data int64 as int32
DEBUG coremltools: Downcast const op u_dilations_0 data int64 as int32
DEBUG coremltools: Adding const op 'u_groups_0'
DEBUG coremltools: Adding op 'u_groups_0' of type const
INFO coremltools: Converting op 42 : listconstruct
DEBUG coremltools: Adding op '42' of type const
INFO coremltools: Converting op 43 : listconstruct
DEBUG coremltools: Adding op '43' of type const
INFO coremltools: Converting op 44 : listconstruct
DEBUG coremltools: Adding op '44' of type const
INFO coremltools: Converting op 45 : listconstruct
DEBUG coremltools: Adding op '45' of type const
INFO coremltools: Converting op input.1 : _convolution
DEBUG coremltools: Adding op 'expert.gate.weight_promoted' of type const
DEBUG coremltools: Adding op 'input.1' of type conv
DEBUG coremltools: Adding const op 'input.1_pad_type_0'
DEBUG coremltools: Adding op 'input.1_pad_type_0' of type const
DEBUG coremltools: Adding const op 'input.1_strides_0'
DEBUG coremltools: Adding op 'input.1_strides_0' of type const
DEBUG coremltools: Downcast const op input.1_strides_0 data int64 as int32
DEBUG coremltools: Downcast const op input.1_strides_0 data int64 as int32
DEBUG coremltools: Adding const op 'input.1_pad_0'
DEBUG coremltools: Adding op 'input.1_pad_0' of type const
DEBUG coremltools: Downcast const op input.1_pad_0 data int64 as int32
DEBUG coremltools: Downcast const op input.1_pad_0 data int64 as int32
DEBUG coremltools: Adding const op 'input.1_dilations_0'
DEBUG coremltools: Adding op 'input.1_dilations_0' of type const
DEBUG coremltools: Downcast const op input.1_dilations_0 data int64 as int32
DEBUG coremltools: Downcast const op input.1_dilations_0 data int64 as int32
DEBUG coremltools: Adding const op 'input.1_groups_0'
DEBUG coremltools: Adding op 'input.1_groups_0' of type const
INFO coremltools: Converting op g : silu
DEBUG coremltools: Adding op 'g' of type silu
INFO coremltools: Converting op input : mul
DEBUG coremltools: Adding op 'input' of type mul
INFO coremltools: Converting op 50 : listconstruct
DEBUG coremltools: Adding op '50' of type const
INFO coremltools: Converting op 51 : listconstruct
DEBUG coremltools: Adding op '51' of type const
INFO coremltools: Converting op 52 : listconstruct
DEBUG coremltools: Adding op '52' of type const
INFO coremltools: Converting op 53 : listconstruct
DEBUG coremltools: Adding op '53' of type const
INFO coremltools: Converting op 54 : _convolution
DEBUG coremltools: Adding op 'expert.down.weight_promoted' of type const
DEBUG coremltools: Adding op '54' of type conv
DEBUG coremltools: Adding const op '54_pad_type_0'
DEBUG coremltools: Adding op '54_pad_type_0' of type const
DEBUG coremltools: Adding const op '54_strides_0'
DEBUG coremltools: Adding op '54_strides_0' of type const
DEBUG coremltools: Downcast const op 54_strides_0 data int64 as int32
DEBUG coremltools: Downcast const op 54_strides_0 data int64 as int32
DEBUG coremltools: Adding const op '54_pad_0'
DEBUG coremltools: Adding op '54_pad_0' of type const
DEBUG coremltools: Downcast const op 54_pad_0 data int64 as int32
DEBUG coremltools: Downcast const op 54_pad_0 data int64 as int32
DEBUG coremltools: Adding const op '54_dilations_0'
DEBUG coremltools: Adding op '54_dilations_0' of type const
DEBUG coremltools: Downcast const op 54_dilations_0 data int64 as int32
DEBUG coremltools: Downcast const op 54_dilations_0 data int64 as int32
DEBUG coremltools: Adding const op '54_groups_0'
DEBUG coremltools: Adding op '54_groups_0' of type const
INFO coremltools: Converting op 55 : mul
DEBUG coremltools: Adding op '55' of type mul
DEBUG coremltools: Program before frontend_pytorch pipeline:

main[CoreML7](%x: (8, 2048, 1, 1, fp16)(Tensor)) {
  block0() {
    %cast_0: (8, 2048, 1, 1, fp32)(Tensor) = cast(x=%x, dtype="fp32", name="cast_0")
    %15: (8, 64, 1, 1, fp32)(Tensor) = conv(x=%cast_0, weight=%router.gate.weight_promoted, strides=[1, 1], pad_type="valid", pad=[0, 0, 0, 0], dilations=[1, 1], groups=1, name="15")
    %16: (8, 64, 1, 1, fp32)(Tensor) = softmax(x=%15, axis=1, name="16")
    %21: (8, 64, 1, 1, fp32)(Tensor) = identity(x=%16, name="21")
    %w: (8, 1, 1, 1, fp32)(Tensor) = slice_by_index(x=%21, begin=[0, np.int32(0), 0, 0], end=[8, np.int32(1), 1, 1], end_mask=[True, False, True, True], name="w")
    %u: (8, 1024, 1, 1, fp32)(Tensor) = conv(x=%cast_0, weight=%expert.up.weight_promoted, strides=[1, 1], pad_type="valid", pad=[0, 0, 0, 0], dilations=[1, 1], groups=1, name="u")
    %input.1: (8, 1024, 1, 1, fp32)(Tensor) = conv(x=%cast_0, weight=%expert.gate.weight_promoted, strides=[1, 1], pad_type="valid", pad=[0, 0, 0, 0], dilations=[1, 1], groups=1, name="input.1")
    %g: (8, 1024, 1, 1, fp32)(Tensor) = silu(x=%input.1, name="g")
    %input: (8, 1024, 1, 1, fp32)(Tensor) = mul(x=%u, y=%g, name="input")
    %54: (8, 2048, 1, 1, fp32)(Tensor) = conv(x=%input, weight=%expert.down.weight_promoted, strides=[1, 1], pad_type="valid", pad=[0, 0, 0, 0], dilations=[1, 1], groups=1, name="54")
    %y: (8, 2048, 1, 1, fp32)(Tensor) = mul(x=%54, y=%w, name="55")
  } -> (%y)
}

DEBUG coremltools: Performing pass: "common::dead_code_elimination"
INFO coremltools: Removing op "53" (type: const)
INFO coremltools: Removing op "52" (type: const)
INFO coremltools: Removing op "51" (type: const)
INFO coremltools: Removing op "50" (type: const)
INFO coremltools: Removing op "45" (type: const)
INFO coremltools: Removing op "44" (type: const)
INFO coremltools: Removing op "43" (type: const)
INFO coremltools: Removing op "42" (type: const)
INFO coremltools: Removing op "39" (type: const)
INFO coremltools: Removing op "38" (type: const)
INFO coremltools: Removing op "37" (type: const)
INFO coremltools: Removing op "36" (type: const)
INFO coremltools: Removing op "31" (type: const)
INFO coremltools: Removing op "30" (type: const)
INFO coremltools: Removing op "29" (type: const)
INFO coremltools: Removing op "28" (type: const)
INFO coremltools: Removing op "25" (type: const)
INFO coremltools: Removing op "24" (type: const)
INFO coremltools: Removing op "23" (type: const)
INFO coremltools: Removing op "22" (type: const)
INFO coremltools: Removing op "20" (type: const)
INFO coremltools: Removing op "18" (type: const)
INFO coremltools: Removing op "17" (type: const)
INFO coremltools: Removing op "14" (type: const)
INFO coremltools: Removing op "13" (type: const)
INFO coremltools: Removing op "12" (type: const)
INFO coremltools: Removing op "11" (type: const)
INFO coremltools: Removing op "8" (type: const)
INFO coremltools: Removing op "7" (type: const)
INFO coremltools: Removing op "6" (type: const)
INFO coremltools: Removing op "expert.down.weight" (type: const)
INFO coremltools: Removing op "expert.gate.weight" (type: const)
INFO coremltools: Removing op "expert.up.weight" (type: const)
INFO coremltools: Removing op "router.gate.weight" (type: const)
DEBUG coremltools: Performing pass: "common::loop_invariant_elimination"
DEBUG coremltools: Performing pass: "common::dead_code_elimination"
DEBUG coremltools: Performing pass: "torch::torch_upsample_to_core_upsample"
DEBUG coremltools: Performing pass: "torch::torch_tensor_assign_to_core"
DEBUG coremltools: Program after frontend_pytorch pipeline:

main[CoreML7](%x: (8, 2048, 1, 1, fp16)(Tensor)) {
  block0() {
    %cast_0: (8, 2048, 1, 1, fp32)(Tensor) = cast(x=%x, dtype="fp32", name="cast_0")
    %15: (8, 64, 1, 1, fp32)(Tensor) = conv(x=%cast_0, weight=%router.gate.weight_promoted, strides=[1, 1], pad_type="valid", pad=[0, 0, 0, 0], dilations=[1, 1], groups=1, name="15")
    %16: (8, 64, 1, 1, fp32)(Tensor) = softmax(x=%15, axis=1, name="16")
    %21: (8, 64, 1, 1, fp32)(Tensor) = identity(x=%16, name="21")
    %w: (8, 1, 1, 1, fp32)(Tensor) = slice_by_index(x=%21, begin=[0, np.int32(0), 0, 0], end=[8, np.int32(1), 1, 1], end_mask=[True, False, True, True], name="w")
    %u: (8, 1024, 1, 1, fp32)(Tensor) = conv(x=%cast_0, weight=%expert.up.weight_promoted, strides=[1, 1], pad_type="valid", pad=[0, 0, 0, 0], dilations=[1, 1], groups=1, name="u")
    %input.1: (8, 1024, 1, 1, fp32)(Tensor) = conv(x=%cast_0, weight=%expert.gate.weight_promoted, strides=[1, 1], pad_type="valid", pad=[0, 0, 0, 0], dilations=[1, 1], groups=1, name="input.1")
    %g: (8, 1024, 1, 1, fp32)(Tensor) = silu(x=%input.1, name="g")
    %input: (8, 1024, 1, 1, fp32)(Tensor) = mul(x=%u, y=%g, name="input")
    %54: (8, 2048, 1, 1, fp32)(Tensor) = conv(x=%input, weight=%expert.down.weight_promoted, strides=[1, 1], pad_type="valid", pad=[0, 0, 0, 0], dilations=[1, 1], groups=1, name="54")
    %y: (8, 2048, 1, 1, fp32)(Tensor) = mul(x=%54, y=%w, name="55")
  } -> (%y)
}

DEBUG coremltools: Program before default pipeline:

main[CoreML7](%x: (8, 2048, 1, 1, fp16)(Tensor)) {
  block0() {
    %cast_0: (8, 2048, 1, 1, fp32)(Tensor) = cast(x=%x, dtype="fp32", name="cast_0")
    %15: (8, 64, 1, 1, fp32)(Tensor) = conv(x=%cast_0, weight=%router.gate.weight_promoted, strides=[1, 1], pad_type="valid", pad=[0, 0, 0, 0], dilations=[1, 1], groups=1, name="15")
    %16: (8, 64, 1, 1, fp32)(Tensor) = softmax(x=%15, axis=1, name="16")
    %21: (8, 64, 1, 1, fp32)(Tensor) = identity(x=%16, name="21")
    %w: (8, 1, 1, 1, fp32)(Tensor) = slice_by_index(x=%21, begin=[0, np.int32(0), 0, 0], end=[8, np.int32(1), 1, 1], end_mask=[True, False, True, True], name="w")
    %u: (8, 1024, 1, 1, fp32)(Tensor) = conv(x=%cast_0, weight=%expert.up.weight_promoted, strides=[1, 1], pad_type="valid", pad=[0, 0, 0, 0], dilations=[1, 1], groups=1, name="u")
    %input.1: (8, 1024, 1, 1, fp32)(Tensor) = conv(x=%cast_0, weight=%expert.gate.weight_promoted, strides=[1, 1], pad_type="valid", pad=[0, 0, 0, 0], dilations=[1, 1], groups=1, name="input.1")
    %g: (8, 1024, 1, 1, fp32)(Tensor) = silu(x=%input.1, name="g")
    %input: (8, 1024, 1, 1, fp32)(Tensor) = mul(x=%u, y=%g, name="input")
    %54: (8, 2048, 1, 1, fp32)(Tensor) = conv(x=%input, weight=%expert.down.weight_promoted, strides=[1, 1], pad_type="valid", pad=[0, 0, 0, 0], dilations=[1, 1], groups=1, name="54")
    %y: (8, 2048, 1, 1, fp32)(Tensor) = mul(x=%54, y=%w, name="55")
  } -> (%y)
}

DEBUG coremltools: Performing pass: "common::lower_complex_dialect_ops"
DEBUG coremltools: Performing pass: "common::update_output_dtypes"
DEBUG coremltools: Adding op 'cast_1' of type cast
DEBUG coremltools: Adding const op 'cast_1_dtype_0'
DEBUG coremltools: Adding op 'cast_1_dtype_0' of type const
DEBUG coremltools: Performing pass: "common::cast_optimization"
DEBUG coremltools: Performing pass: "common::noop_elimination"
DEBUG coremltools: Num ops affected in replacing var: 1
DEBUG coremltools: Performing pass: "common::int_op_canonicalization"
DEBUG coremltools: Performing pass: "common::nullify_redundant_quantization_zero_point"
DEBUG coremltools: Performing pass: "common::dequantize_quantize_pair_elimination"
DEBUG coremltools: Performing pass: "common::distributive_quantized_binary_op_scale_normalization"
DEBUG coremltools: Performing pass: "common::dequantize_to_constexpr"
DEBUG coremltools: Performing pass: "common::canonicalize_quantized_lut_pattern"
DEBUG coremltools: Performing pass: "common::const_elimination"
DEBUG coremltools: Performing pass: "common::sanitize_input_output_names"
DEBUG coremltools: Performing pass: "common::divide_to_multiply"
DEBUG coremltools: Performing pass: "common::select_optimization"
DEBUG coremltools: Performing pass: "common::add_conv_transpose_output_shape"
DEBUG coremltools: Performing pass: "common::const_elimination"
DEBUG coremltools: Performing pass: "common::const_deduplication"
DEBUG coremltools: Performing pass: "common::loop_invariant_elimination"
DEBUG coremltools: Performing pass: "common::remove_symbolic_reshape"
INFO coremltools: remove_symbolic_reshape: changed 0 reshapes.
DEBUG coremltools: Performing pass: "common::noop_elimination"
DEBUG coremltools: Performing pass: "common::fuse_matmul_weight_bias"
DEBUG coremltools: Performing pass: "common::fuse_linear_bias"
DEBUG coremltools: Performing pass: "common::fuse_gelu_tanh_approximation"
DEBUG coremltools: Adding op 'pow' of type pow
DEBUG coremltools: Adding const op 'pow_y_0'
DEBUG coremltools: Adding op 'pow_y_0' of type const
DEBUG coremltools: Adding op 'mul_1' of type mul
DEBUG coremltools: Adding const op 'mul_1_x_0'
DEBUG coremltools: Adding op 'mul_1_x_0' of type const
DEBUG coremltools: Adding op 'add' of type add
DEBUG coremltools: Adding op 'mul_2' of type mul
DEBUG coremltools: Adding const op 'mul_2_x_0'
DEBUG coremltools: Adding op 'mul_2_x_0' of type const
DEBUG coremltools: Adding op 'tanh' of type tanh
DEBUG coremltools: Adding op 'add_1' of type add
DEBUG coremltools: Adding const op 'add_1_x_0'
DEBUG coremltools: Adding op 'add_1_x_0' of type const
DEBUG coremltools: Adding op 'mul' of type mul
DEBUG coremltools: Adding const op 'mul_x_0'
DEBUG coremltools: Adding op 'mul_x_0' of type const
DEBUG coremltools: Adding op 'mul_3' of type mul
DEBUG coremltools: Adding op 'pow' of type pow
DEBUG coremltools: Adding const op 'pow_y_1'
DEBUG coremltools: Adding op 'pow_y_1' of type const
DEBUG coremltools: Adding op 'mul_1' of type mul
DEBUG coremltools: Adding const op 'mul_1_x_1'
DEBUG coremltools: Adding op 'mul_1_x_1' of type const
DEBUG coremltools: Adding op 'add' of type add
DEBUG coremltools: Adding op 'mul_2' of type mul
DEBUG coremltools: Adding const op 'mul_2_x_1'
DEBUG coremltools: Adding op 'mul_2_x_1' of type const
DEBUG coremltools: Adding op 'tanh' of type tanh
DEBUG coremltools: Adding op 'add_1' of type add
DEBUG coremltools: Adding const op 'add_1_x_1'
DEBUG coremltools: Adding op 'add_1_x_1' of type const
DEBUG coremltools: Adding op 'mul' of type mul
DEBUG coremltools: Adding const op 'mul_x_1'
DEBUG coremltools: Adding op 'mul_x_1' of type const
DEBUG coremltools: Adding op 'mul_3' of type mul
DEBUG coremltools: Performing pass: "common::fuse_gelu_exact"
DEBUG coremltools: Performing pass: "common::fuse_leaky_relu"
DEBUG coremltools: Performing pass: "common::rank0_expand_dims_swap"
DEBUG coremltools: Performing pass: "common::fuse_squeeze_expand_dims"
DEBUG coremltools: Performing pass: "common::compose_conv1d"
DEBUG coremltools: Performing pass: "common::use_reflection_padding"
DEBUG coremltools: Performing pass: "common::merge_consecutive_paddings"
DEBUG coremltools: Performing pass: "common::fuse_pad_conv"
DEBUG coremltools: Performing pass: "common::image_input_preprocess"
DEBUG coremltools: Performing pass: "common::replace_stack_reshape"
DEBUG coremltools: Performing pass: "common::reduce_transposes"
DEBUG coremltools: Adding op 'identity_0' of type identity
DEBUG coremltools: Block before optimize transpose transform:
function[CoreML7](%x: (8, 2048, 1, 1, fp16)(Tensor)) {
  block0() {
    %cast_0: (8, 2048, 1, 1, fp32)(Tensor) = cast(x=%x, dtype="fp32", name="cast_0")
    %15: (8, 64, 1, 1, fp32)(Tensor) = conv(x=%cast_0, weight=%router.gate.weight_promoted, strides=[1, 1], pad_type="valid", pad=[0, 0, 0, 0], dilations=[1, 1], groups=1, name="15")
    %16: (8, 64, 1, 1, fp32)(Tensor) = softmax(x=%15, axis=1, name="16")
    %w: (8, 1, 1, 1, fp32)(Tensor) = slice_by_index(x=%16, begin=[0, np.int32(0), 0, 0], end=[8, np.int32(1), 1, 1], end_mask=[True, False, True, True], name="w")
    %u: (8, 1024, 1, 1, fp32)(Tensor) = conv(x=%cast_0, weight=%expert.up.weight_promoted, strides=[1, 1], pad_type="valid", pad=[0, 0, 0, 0], dilations=[1, 1], groups=1, name="u")
    %input.1: (8, 1024, 1, 1, fp32)(Tensor) = conv(x=%cast_0, weight=%expert.gate.weight_promoted, strides=[1, 1], pad_type="valid", pad=[0, 0, 0, 0], dilations=[1, 1], groups=1, name="input.1")
    %g: (8, 1024, 1, 1, fp32)(Tensor) = silu(x=%input.1, name="g")
    %input: (8, 1024, 1, 1, fp32)(Tensor) = mul(x=%u, y=%g, name="input")
    %54: (8, 2048, 1, 1, fp32)(Tensor) = conv(x=%input, weight=%expert.down.weight_promoted, strides=[1, 1], pad_type="valid", pad=[0, 0, 0, 0], dilations=[1, 1], groups=1, name="54")
    %y_type_fp32: (8, 2048, 1, 1, fp32)(Tensor) = mul(x=%54, y=%w, name="55")
    %y: (8, 2048, 1, 1, fp16)(Tensor) = cast(x=%y_type_fp32, dtype="fp16", name="cast_1")
    %identity_0: (8, 2048, 1, 1, fp16)(Tensor) = identity(x=%y, name="identity_0")
  } -> (%identity_0)
}

DEBUG coremltools: Block after optimize transpose transform:
function[CoreML7](%x: (8, 2048, 1, 1, fp16)(Tensor)) {
  block0() {
    %cast_0: (8, 2048, 1, 1, fp32)(Tensor) = cast(x=%x, dtype="fp32", name="cast_0")
    %15: (8, 64, 1, 1, fp32)(Tensor) = conv(x=%cast_0, weight=%router.gate.weight_promoted, strides=[1, 1], pad_type="valid", pad=[0, 0, 0, 0], dilations=[1, 1], groups=1, name="15")
    %16: (8, 64, 1, 1, fp32)(Tensor) = softmax(x=%15, axis=1, name="16")
    %w: (8, 1, 1, 1, fp32)(Tensor) = slice_by_index(x=%16, begin=[0, np.int32(0), 0, 0], end=[8, np.int32(1), 1, 1], end_mask=[True, False, True, True], name="w")
    %u: (8, 1024, 1, 1, fp32)(Tensor) = conv(x=%cast_0, weight=%expert.up.weight_promoted, strides=[1, 1], pad_type="valid", pad=[0, 0, 0, 0], dilations=[1, 1], groups=1, name="u")
    %input.1: (8, 1024, 1, 1, fp32)(Tensor) = conv(x=%cast_0, weight=%expert.gate.weight_promoted, strides=[1, 1], pad_type="valid", pad=[0, 0, 0, 0], dilations=[1, 1], groups=1, name="input.1")
    %g: (8, 1024, 1, 1, fp32)(Tensor) = silu(x=%input.1, name="g")
    %input: (8, 1024, 1, 1, fp32)(Tensor) = mul(x=%u, y=%g, name="input")
    %54: (8, 2048, 1, 1, fp32)(Tensor) = conv(x=%input, weight=%expert.down.weight_promoted, strides=[1, 1], pad_type="valid", pad=[0, 0, 0, 0], dilations=[1, 1], groups=1, name="54")
    %y_type_fp32: (8, 2048, 1, 1, fp32)(Tensor) = mul(x=%54, y=%w, name="55")
    %y: (8, 2048, 1, 1, fp16)(Tensor) = cast(x=%y_type_fp32, dtype="fp16", name="cast_1")
  } -> (%y)
}

DEBUG coremltools: Downcast const op 15_strides_0 data int64 as int32
DEBUG coremltools: Downcast const op 15_strides_0 data int64 as int32
DEBUG coremltools: Downcast const op 15_pad_0 data int64 as int32
DEBUG coremltools: Downcast const op 15_pad_0 data int64 as int32
DEBUG coremltools: Downcast const op 15_dilations_0 data int64 as int32
DEBUG coremltools: Downcast const op 15_dilations_0 data int64 as int32
DEBUG coremltools: Downcast const op w_begin_0 data int64 as int32
DEBUG coremltools: Downcast const op w_begin_0 data int64 as int32
DEBUG coremltools: Downcast const op w_end_0 data int64 as int32
DEBUG coremltools: Downcast const op w_end_0 data int64 as int32
DEBUG coremltools: Downcast const op u_strides_0 data int64 as int32
DEBUG coremltools: Downcast const op u_strides_0 data int64 as int32
DEBUG coremltools: Downcast const op u_pad_0 data int64 as int32
DEBUG coremltools: Downcast const op u_pad_0 data int64 as int32
DEBUG coremltools: Downcast const op u_dilations_0 data int64 as int32
DEBUG coremltools: Downcast const op u_dilations_0 data int64 as int32
DEBUG coremltools: Downcast const op input.1_strides_0 data int64 as int32
DEBUG coremltools: Downcast const op input.1_strides_0 data int64 as int32
DEBUG coremltools: Downcast const op input.1_pad_0 data int64 as int32
DEBUG coremltools: Downcast const op input.1_pad_0 data int64 as int32
DEBUG coremltools: Downcast const op input.1_dilations_0 data int64 as int32
DEBUG coremltools: Downcast const op input.1_dilations_0 data int64 as int32
DEBUG coremltools: Downcast const op 54_strides_0 data int64 as int32
DEBUG coremltools: Downcast const op 54_strides_0 data int64 as int32
DEBUG coremltools: Downcast const op 54_pad_0 data int64 as int32
DEBUG coremltools: Downcast const op 54_pad_0 data int64 as int32
DEBUG coremltools: Downcast const op 54_dilations_0 data int64 as int32
DEBUG coremltools: Downcast const op 54_dilations_0 data int64 as int32
DEBUG coremltools: Performing pass: "common::fuse_dilated_conv"
DEBUG coremltools: Performing pass: "common::fuse_conv_scale"
DEBUG coremltools: Performing pass: "common::fuse_conv_bias"
DEBUG coremltools: Performing pass: "common::fuse_onehot_matmul_to_gather"
DEBUG coremltools: Performing pass: "common::fuse_layernorm_or_instancenorm"
DEBUG coremltools: Block before fuse_layernorm_or_instancenorm transform:
function[CoreML7](%x: (8, 2048, 1, 1, fp16)(Tensor)) {
  block0() {
    %cast_0: (8, 2048, 1, 1, fp32)(Tensor) = cast(x=%x, dtype="fp32", name="cast_0")
    %15: (8, 64, 1, 1, fp32)(Tensor) = conv(x=%cast_0, weight=%router.gate.weight_promoted, strides=[1, 1], pad_type="valid", pad=[0, 0, 0, 0], dilations=[1, 1], groups=1, name="15")
    %16: (8, 64, 1, 1, fp32)(Tensor) = softmax(x=%15, axis=1, name="16")
    %w: (8, 1, 1, 1, fp32)(Tensor) = slice_by_index(x=%16, begin=[0, np.int32(0), 0, 0], end=[8, np.int32(1), 1, 1], end_mask=[True, False, True, True], name="w")
    %u: (8, 1024, 1, 1, fp32)(Tensor) = conv(x=%cast_0, weight=%expert.up.weight_promoted, strides=[1, 1], pad_type="valid", pad=[0, 0, 0, 0], dilations=[1, 1], groups=1, name="u")
    %input.1: (8, 1024, 1, 1, fp32)(Tensor) = conv(x=%cast_0, weight=%expert.gate.weight_promoted, strides=[1, 1], pad_type="valid", pad=[0, 0, 0, 0], dilations=[1, 1], groups=1, name="input.1")
    %g: (8, 1024, 1, 1, fp32)(Tensor) = silu(x=%input.1, name="g")
    %input: (8, 1024, 1, 1, fp32)(Tensor) = mul(x=%u, y=%g, name="input")
    %54: (8, 2048, 1, 1, fp32)(Tensor) = conv(x=%input, weight=%expert.down.weight_promoted, strides=[1, 1], pad_type="valid", pad=[0, 0, 0, 0], dilations=[1, 1], groups=1, name="54")
    %y_type_fp32: (8, 2048, 1, 1, fp32)(Tensor) = mul(x=%54, y=%w, name="55")
    %y: (8, 2048, 1, 1, fp16)(Tensor) = cast(x=%y_type_fp32, dtype="fp16", name="cast_1")
  } -> (%y)
}

DEBUG coremltools: Block after fuse_layernorm_or_instancenorm transform:
function[CoreML7](%x: (8, 2048, 1, 1, fp16)(Tensor)) {
  block0() {
    %cast_0: (8, 2048, 1, 1, fp32)(Tensor) = cast(x=%x, dtype="fp32", name="cast_0")
    %15: (8, 64, 1, 1, fp32)(Tensor) = conv(x=%cast_0, weight=%router.gate.weight_promoted, strides=[1, 1], pad_type="valid", pad=[0, 0, 0, 0], dilations=[1, 1], groups=1, name="15")
    %16: (8, 64, 1, 1, fp32)(Tensor) = softmax(x=%15, axis=1, name="16")
    %w: (8, 1, 1, 1, fp32)(Tensor) = slice_by_index(x=%16, begin=[0, np.int32(0), 0, 0], end=[8, np.int32(1), 1, 1], end_mask=[True, False, True, True], name="w")
    %u: (8, 1024, 1, 1, fp32)(Tensor) = conv(x=%cast_0, weight=%expert.up.weight_promoted, strides=[1, 1], pad_type="valid", pad=[0, 0, 0, 0], dilations=[1, 1], groups=1, name="u")
    %input.1: (8, 1024, 1, 1, fp32)(Tensor) = conv(x=%cast_0, weight=%expert.gate.weight_promoted, strides=[1, 1], pad_type="valid", pad=[0, 0, 0, 0], dilations=[1, 1], groups=1, name="input.1")
    %g: (8, 1024, 1, 1, fp32)(Tensor) = silu(x=%input.1, name="g")
    %input: (8, 1024, 1, 1, fp32)(Tensor) = mul(x=%u, y=%g, name="input")
    %54: (8, 2048, 1, 1, fp32)(Tensor) = conv(x=%input, weight=%expert.down.weight_promoted, strides=[1, 1], pad_type="valid", pad=[0, 0, 0, 0], dilations=[1, 1], groups=1, name="54")
    %y_type_fp32: (8, 2048, 1, 1, fp32)(Tensor) = mul(x=%54, y=%w, name="55")
    %y: (8, 2048, 1, 1, fp16)(Tensor) = cast(x=%y_type_fp32, dtype="fp16", name="cast_1")
  } -> (%y)
}

DEBUG coremltools: Performing pass: "common::fuse_elementwise_to_batchnorm"
DEBUG coremltools: Performing pass: "common::fuse_reduce_mean"
DEBUG coremltools: Performing pass: "common::fuse_conv_batchnorm"
DEBUG coremltools: Performing pass: "common::fuse_conv_scale"
DEBUG coremltools: Performing pass: "common::fuse_conv_bias"
DEBUG coremltools: Performing pass: "common::fuse_conv_batchnorm"
DEBUG coremltools: Performing pass: "common::detect_concat_interleave"
DEBUG coremltools: Performing pass: "common::concat_to_pixel_shuffle"
DEBUG coremltools: Performing pass: "common::fuse_prelu"
DEBUG coremltools: Adding op 'neg' of type mul
DEBUG coremltools: Adding const op 'neg_y_0'
DEBUG coremltools: Adding op 'neg_y_0' of type const
DEBUG coremltools: Adding op 'relu1' of type relu
DEBUG coremltools: Adding op 'alpha_mul' of type mul
DEBUG coremltools: Adding const op 'alpha_mul_y_0'
DEBUG coremltools: Adding op 'alpha_mul_y_0' of type const
DEBUG coremltools: Downcast const op alpha_mul_y_0 data fp64 as fp32
DEBUG coremltools: Downcast const op alpha_mul_y_0 data fp64 as fp32
DEBUG coremltools: Adding op 'relu2' of type relu
DEBUG coremltools: Adding op 'out_op' of type add
DEBUG coremltools: Adding op 'transpose' of type transpose
DEBUG coremltools: Adding const op 'transpose_perm_0'
DEBUG coremltools: Adding op 'transpose_perm_0' of type const
DEBUG coremltools: Downcast const op transpose_perm_0 data int64 as int32
DEBUG coremltools: Downcast const op transpose_perm_0 data int64 as int32
DEBUG coremltools: Adding op 'neg' of type mul
DEBUG coremltools: Adding const op 'neg_y_1'
DEBUG coremltools: Adding op 'neg_y_1' of type const
DEBUG coremltools: Adding op 'relu1' of type relu
DEBUG coremltools: Adding op 'alpha_mul' of type mul
DEBUG coremltools: Adding const op 'alpha_mul_y_1'
DEBUG coremltools: Adding op 'alpha_mul_y_1' of type const
DEBUG coremltools: Downcast const op alpha_mul_y_1 data fp64 as fp32
DEBUG coremltools: Downcast const op alpha_mul_y_1 data fp64 as fp32
DEBUG coremltools: Adding op 'relu2' of type relu
DEBUG coremltools: Adding op 'out_op' of type add
DEBUG coremltools: Performing pass: "common::prelu_to_lrelu"
DEBUG coremltools: Performing pass: "common::merge_consecutive_relus"
DEBUG coremltools: Performing pass: "common::merge_consecutive_reshapes"
DEBUG coremltools: Performing pass: "common::merge_consecutive_transposes"
DEBUG coremltools: Performing pass: "common::fuse_transpose_matmul"
DEBUG coremltools: Performing pass: "common::expand_high_rank_reshape_and_transpose"
DEBUG coremltools: Performing pass: "common::fuse_stack_split"
DEBUG coremltools: Performing pass: "common::reduce_transposes"
DEBUG coremltools: Adding op 'identity_1' of type identity
DEBUG coremltools: Block before optimize transpose transform:
function[CoreML7](%x: (8, 2048, 1, 1, fp16)(Tensor)) {
  block0() {
    %cast_0: (8, 2048, 1, 1, fp32)(Tensor) = cast(x=%x, dtype="fp32", name="cast_0")
    %15: (8, 64, 1, 1, fp32)(Tensor) = conv(x=%cast_0, weight=%router.gate.weight_promoted, strides=[1, 1], pad_type="valid", pad=[0, 0, 0, 0], dilations=[1, 1], groups=1, name="15")
    %16: (8, 64, 1, 1, fp32)(Tensor) = softmax(x=%15, axis=1, name="16")
    %w: (8, 1, 1, 1, fp32)(Tensor) = slice_by_index(x=%16, begin=[0, np.int32(0), 0, 0], end=[8, np.int32(1), 1, 1], end_mask=[True, False, True, True], name="w")
    %u: (8, 1024, 1, 1, fp32)(Tensor) = conv(x=%cast_0, weight=%expert.up.weight_promoted, strides=[1, 1], pad_type="valid", pad=[0, 0, 0, 0], dilations=[1, 1], groups=1, name="u")
    %input.1: (8, 1024, 1, 1, fp32)(Tensor) = conv(x=%cast_0, weight=%expert.gate.weight_promoted, strides=[1, 1], pad_type="valid", pad=[0, 0, 0, 0], dilations=[1, 1], groups=1, name="input.1")
    %g: (8, 1024, 1, 1, fp32)(Tensor) = silu(x=%input.1, name="g")
    %input: (8, 1024, 1, 1, fp32)(Tensor) = mul(x=%u, y=%g, name="input")
    %54: (8, 2048, 1, 1, fp32)(Tensor) = conv(x=%input, weight=%expert.down.weight_promoted, strides=[1, 1], pad_type="valid", pad=[0, 0, 0, 0], dilations=[1, 1], groups=1, name="54")
    %y_type_fp32: (8, 2048, 1, 1, fp32)(Tensor) = mul(x=%54, y=%w, name="55")
    %y: (8, 2048, 1, 1, fp16)(Tensor) = cast(x=%y_type_fp32, dtype="fp16", name="cast_1")
    %identity_1: (8, 2048, 1, 1, fp16)(Tensor) = identity(x=%y, name="identity_1")
  } -> (%identity_1)
}

DEBUG coremltools: Block after optimize transpose transform:
function[CoreML7](%x: (8, 2048, 1, 1, fp16)(Tensor)) {
  block0() {
    %cast_0: (8, 2048, 1, 1, fp32)(Tensor) = cast(x=%x, dtype="fp32", name="cast_0")
    %15: (8, 64, 1, 1, fp32)(Tensor) = conv(x=%cast_0, weight=%router.gate.weight_promoted, strides=[1, 1], pad_type="valid", pad=[0, 0, 0, 0], dilations=[1, 1], groups=1, name="15")
    %16: (8, 64, 1, 1, fp32)(Tensor) = softmax(x=%15, axis=1, name="16")
    %w: (8, 1, 1, 1, fp32)(Tensor) = slice_by_index(x=%16, begin=[0, np.int32(0), 0, 0], end=[8, np.int32(1), 1, 1], end_mask=[True, False, True, True], name="w")
    %u: (8, 1024, 1, 1, fp32)(Tensor) = conv(x=%cast_0, weight=%expert.up.weight_promoted, strides=[1, 1], pad_type="valid", pad=[0, 0, 0, 0], dilations=[1, 1], groups=1, name="u")
    %input.1: (8, 1024, 1, 1, fp32)(Tensor) = conv(x=%cast_0, weight=%expert.gate.weight_promoted, strides=[1, 1], pad_type="valid", pad=[0, 0, 0, 0], dilations=[1, 1], groups=1, name="input.1")
    %g: (8, 1024, 1, 1, fp32)(Tensor) = silu(x=%input.1, name="g")
    %input: (8, 1024, 1, 1, fp32)(Tensor) = mul(x=%u, y=%g, name="input")
    %54: (8, 2048, 1, 1, fp32)(Tensor) = conv(x=%input, weight=%expert.down.weight_promoted, strides=[1, 1], pad_type="valid", pad=[0, 0, 0, 0], dilations=[1, 1], groups=1, name="54")
    %y_type_fp32: (8, 2048, 1, 1, fp32)(Tensor) = mul(x=%54, y=%w, name="55")
    %y: (8, 2048, 1, 1, fp16)(Tensor) = cast(x=%y_type_fp32, dtype="fp16", name="cast_1")
  } -> (%y)
}

DEBUG coremltools: Downcast const op 15_strides_0 data int64 as int32
DEBUG coremltools: Downcast const op 15_strides_0 data int64 as int32
DEBUG coremltools: Downcast const op 15_pad_0 data int64 as int32
DEBUG coremltools: Downcast const op 15_pad_0 data int64 as int32
DEBUG coremltools: Downcast const op 15_dilations_0 data int64 as int32
DEBUG coremltools: Downcast const op 15_dilations_0 data int64 as int32
DEBUG coremltools: Downcast const op w_begin_0 data int64 as int32
DEBUG coremltools: Downcast const op w_begin_0 data int64 as int32
DEBUG coremltools: Downcast const op w_end_0 data int64 as int32
DEBUG coremltools: Downcast const op w_end_0 data int64 as int32
DEBUG coremltools: Downcast const op u_strides_0 data int64 as int32
DEBUG coremltools: Downcast const op u_strides_0 data int64 as int32
DEBUG coremltools: Downcast const op u_pad_0 data int64 as int32
DEBUG coremltools: Downcast const op u_pad_0 data int64 as int32
DEBUG coremltools: Downcast const op u_dilations_0 data int64 as int32
DEBUG coremltools: Downcast const op u_dilations_0 data int64 as int32
DEBUG coremltools: Downcast const op input.1_strides_0 data int64 as int32
DEBUG coremltools: Downcast const op input.1_strides_0 data int64 as int32
DEBUG coremltools: Downcast const op input.1_pad_0 data int64 as int32
DEBUG coremltools: Downcast const op input.1_pad_0 data int64 as int32
DEBUG coremltools: Downcast const op input.1_dilations_0 data int64 as int32
DEBUG coremltools: Downcast const op input.1_dilations_0 data int64 as int32
DEBUG coremltools: Downcast const op 54_strides_0 data int64 as int32
DEBUG coremltools: Downcast const op 54_strides_0 data int64 as int32
DEBUG coremltools: Downcast const op 54_pad_0 data int64 as int32
DEBUG coremltools: Downcast const op 54_pad_0 data int64 as int32
DEBUG coremltools: Downcast const op 54_dilations_0 data int64 as int32
DEBUG coremltools: Downcast const op 54_dilations_0 data int64 as int32
DEBUG coremltools: Performing pass: "common::remove_redundant_ops"
DEBUG coremltools: Performing pass: "common::dedup_op_and_var_names"
DEBUG coremltools: Performing pass: "common::add_fp16_cast"
DEBUG coremltools: Adding op 'cast_0_to_fp16' of type cast
DEBUG coremltools: Adding const op 'cast_0_to_fp16_dtype_0'
DEBUG coremltools: Adding op 'cast_0_to_fp16_dtype_0' of type const
DEBUG coremltools: Adding op 'router.gate.weight_promoted_to_fp16' of type cast
DEBUG coremltools: Adding const op 'router.gate.weight_promoted_to_fp16_dtype_0'
DEBUG coremltools: Adding op 'router.gate.weight_promoted_to_fp16_dtype_0' of type const
DEBUG coremltools: Adding op '15_cast_fp16' of type conv
DEBUG coremltools: Adding op '15_cast_fp16_to_fp32' of type cast
DEBUG coremltools: Adding const op '15_cast_fp16_to_fp32_dtype_0'
DEBUG coremltools: Adding op '15_cast_fp16_to_fp32_dtype_0' of type const
DEBUG coremltools: Num ops affected in replacing var: 1
DEBUG coremltools: Adding op '15_cast_fp16_to_fp32_to_fp16' of type cast
DEBUG coremltools: Adding const op '15_cast_fp16_to_fp32_to_fp16_dtype_0'
DEBUG coremltools: Adding op '15_cast_fp16_to_fp32_to_fp16_dtype_0' of type const
DEBUG coremltools: Adding op '16_cast_fp16' of type softmax
DEBUG coremltools: Adding op '16_cast_fp16_to_fp32' of type cast
DEBUG coremltools: Adding const op '16_cast_fp16_to_fp32_dtype_0'
DEBUG coremltools: Adding op '16_cast_fp16_to_fp32_dtype_0' of type const
DEBUG coremltools: Num ops affected in replacing var: 1
DEBUG coremltools: Adding op '16_cast_fp16_to_fp32_to_fp16' of type cast
DEBUG coremltools: Adding const op '16_cast_fp16_to_fp32_to_fp16_dtype_0'
DEBUG coremltools: Adding op '16_cast_fp16_to_fp32_to_fp16_dtype_0' of type const
DEBUG coremltools: Adding op 'w_cast_fp16' of type slice_by_index
DEBUG coremltools: Adding op 'w_cast_fp16_to_fp32' of type cast
DEBUG coremltools: Adding const op 'w_cast_fp16_to_fp32_dtype_0'
DEBUG coremltools: Adding op 'w_cast_fp16_to_fp32_dtype_0' of type const
DEBUG coremltools: Num ops affected in replacing var: 1
DEBUG coremltools: Adding op 'expert.up.weight_promoted_to_fp16' of type cast
DEBUG coremltools: Adding const op 'expert.up.weight_promoted_to_fp16_dtype_0'
DEBUG coremltools: Adding op 'expert.up.weight_promoted_to_fp16_dtype_0' of type const
DEBUG coremltools: Adding op 'u_cast_fp16' of type conv
DEBUG coremltools: Adding op 'u_cast_fp16_to_fp32' of type cast
DEBUG coremltools: Adding const op 'u_cast_fp16_to_fp32_dtype_0'
DEBUG coremltools: Adding op 'u_cast_fp16_to_fp32_dtype_0' of type const
DEBUG coremltools: Num ops affected in replacing var: 1
DEBUG coremltools: Adding op 'expert.gate.weight_promoted_to_fp16' of type cast
DEBUG coremltools: Adding const op 'expert.gate.weight_promoted_to_fp16_dtype_0'
DEBUG coremltools: Adding op 'expert.gate.weight_promoted_to_fp16_dtype_0' of type const
DEBUG coremltools: Adding op 'input.1_cast_fp16' of type conv
DEBUG coremltools: Adding op 'input.1_cast_fp16_to_fp32' of type cast
DEBUG coremltools: Adding const op 'input.1_cast_fp16_to_fp32_dtype_0'
DEBUG coremltools: Adding op 'input.1_cast_fp16_to_fp32_dtype_0' of type const
DEBUG coremltools: Num ops affected in replacing var: 1
DEBUG coremltools: Adding op 'input.1_cast_fp16_to_fp32_to_fp16' of type cast
DEBUG coremltools: Adding const op 'input.1_cast_fp16_to_fp32_to_fp16_dtype_0'
DEBUG coremltools: Adding op 'input.1_cast_fp16_to_fp32_to_fp16_dtype_0' of type const
DEBUG coremltools: Adding op 'g_cast_fp16' of type silu
DEBUG coremltools: Adding op 'g_cast_fp16_to_fp32' of type cast
DEBUG coremltools: Adding const op 'g_cast_fp16_to_fp32_dtype_0'
DEBUG coremltools: Adding op 'g_cast_fp16_to_fp32_dtype_0' of type const
DEBUG coremltools: Num ops affected in replacing var: 1
DEBUG coremltools: Adding op 'u_cast_fp16_to_fp32_to_fp16' of type cast
DEBUG coremltools: Adding const op 'u_cast_fp16_to_fp32_to_fp16_dtype_0'
DEBUG coremltools: Adding op 'u_cast_fp16_to_fp32_to_fp16_dtype_0' of type const
DEBUG coremltools: Adding op 'g_cast_fp16_to_fp32_to_fp16' of type cast
DEBUG coremltools: Adding const op 'g_cast_fp16_to_fp32_to_fp16_dtype_0'
DEBUG coremltools: Adding op 'g_cast_fp16_to_fp32_to_fp16_dtype_0' of type const
DEBUG coremltools: Adding op 'input_cast_fp16' of type mul
DEBUG coremltools: Adding op 'input_cast_fp16_to_fp32' of type cast
DEBUG coremltools: Adding const op 'input_cast_fp16_to_fp32_dtype_0'
DEBUG coremltools: Adding op 'input_cast_fp16_to_fp32_dtype_0' of type const
DEBUG coremltools: Num ops affected in replacing var: 1
DEBUG coremltools: Adding op 'input_cast_fp16_to_fp32_to_fp16' of type cast
DEBUG coremltools: Adding const op 'input_cast_fp16_to_fp32_to_fp16_dtype_0'
DEBUG coremltools: Adding op 'input_cast_fp16_to_fp32_to_fp16_dtype_0' of type const
DEBUG coremltools: Adding op 'expert.down.weight_promoted_to_fp16' of type cast
DEBUG coremltools: Adding const op 'expert.down.weight_promoted_to_fp16_dtype_0'
DEBUG coremltools: Adding op 'expert.down.weight_promoted_to_fp16_dtype_0' of type const
DEBUG coremltools: Adding op '54_cast_fp16' of type conv
DEBUG coremltools: Adding op '54_cast_fp16_to_fp32' of type cast
DEBUG coremltools: Adding const op '54_cast_fp16_to_fp32_dtype_0'
DEBUG coremltools: Adding op '54_cast_fp16_to_fp32_dtype_0' of type const
DEBUG coremltools: Num ops affected in replacing var: 1
DEBUG coremltools: Adding op '54_cast_fp16_to_fp32_to_fp16' of type cast
DEBUG coremltools: Adding const op '54_cast_fp16_to_fp32_to_fp16_dtype_0'
DEBUG coremltools: Adding op '54_cast_fp16_to_fp32_to_fp16_dtype_0' of type const
DEBUG coremltools: Adding op 'w_cast_fp16_to_fp32_to_fp16' of type cast
DEBUG coremltools: Adding const op 'w_cast_fp16_to_fp32_to_fp16_dtype_0'
DEBUG coremltools: Adding op 'w_cast_fp16_to_fp32_to_fp16_dtype_0' of type const
DEBUG coremltools: Adding op '55_cast_fp16' of type mul
DEBUG coremltools: Adding op '55_cast_fp16_to_fp32' of type cast
DEBUG coremltools: Adding const op '55_cast_fp16_to_fp32_dtype_0'
DEBUG coremltools: Adding op '55_cast_fp16_to_fp32_dtype_0' of type const
DEBUG coremltools: Num ops affected in replacing var: 1
DEBUG coremltools: Performing pass: "common::add_int16_cast"
DEBUG coremltools: Performing pass: "common::update_output_dtypes"
DEBUG coremltools: Performing pass: "common::guard_negative_gather_indices"
DEBUG coremltools: Performing pass: "common::const_elimination"
DEBUG coremltools: Adding op 'router.gate.weight_promoted_to_fp16' of type const
DEBUG coremltools: Num ops affected in replacing var: 1
DEBUG coremltools: Adding op 'expert.up.weight_promoted_to_fp16' of type const
DEBUG coremltools: Num ops affected in replacing var: 1
DEBUG coremltools: Adding op 'expert.gate.weight_promoted_to_fp16' of type const
DEBUG coremltools: Num ops affected in replacing var: 1
DEBUG coremltools: Adding op 'expert.down.weight_promoted_to_fp16' of type const
DEBUG coremltools: Num ops affected in replacing var: 1
DEBUG coremltools: Performing pass: "common::dead_code_elimination"
INFO coremltools: Removing op "expert.down.weight_promoted_to_fp16_dtype_0" (type: const)
INFO coremltools: Removing op "expert.down.weight_promoted" (type: const)
INFO coremltools: Removing op "expert.gate.weight_promoted_to_fp16_dtype_0" (type: const)
INFO coremltools: Removing op "expert.gate.weight_promoted" (type: const)
INFO coremltools: Removing op "expert.up.weight_promoted_to_fp16_dtype_0" (type: const)
INFO coremltools: Removing op "expert.up.weight_promoted" (type: const)
INFO coremltools: Removing op "router.gate.weight_promoted_to_fp16_dtype_0" (type: const)
INFO coremltools: Removing op "router.gate.weight_promoted" (type: const)
DEBUG coremltools: Performing pass: "common::cast_optimization"
DEBUG coremltools: Num ops affected in replacing var: 3
DEBUG coremltools: Num ops affected in replacing var: 1
DEBUG coremltools: Num ops affected in replacing var: 1
DEBUG coremltools: Num ops affected in replacing var: 1
DEBUG coremltools: Num ops affected in replacing var: 1
DEBUG coremltools: Num ops affected in replacing var: 1
DEBUG coremltools: Num ops affected in replacing var: 1
DEBUG coremltools: Num ops affected in replacing var: 1
DEBUG coremltools: Num ops affected in replacing var: 1
DEBUG coremltools: Num ops affected in replacing var: 0
DEBUG coremltools: Performing pass: "common::dead_code_elimination"
INFO coremltools: Removing op "cast_1_dtype_0" (type: const)
INFO coremltools: Removing op "55_cast_fp16_to_fp32" (type: cast)
INFO coremltools: Removing op "55_cast_fp16_to_fp32_dtype_0" (type: const)
INFO coremltools: Removing op "w_cast_fp16_to_fp32_to_fp16_dtype_0" (type: const)
INFO coremltools: Removing op "54_cast_fp16_to_fp32_to_fp16_dtype_0" (type: const)
INFO coremltools: Removing op "54_cast_fp16_to_fp32" (type: cast)
INFO coremltools: Removing op "54_cast_fp16_to_fp32_dtype_0" (type: const)
INFO coremltools: Removing op "input_cast_fp16_to_fp32_to_fp16_dtype_0" (type: const)
INFO coremltools: Removing op "input_cast_fp16_to_fp32" (type: cast)
INFO coremltools: Removing op "input_cast_fp16_to_fp32_dtype_0" (type: const)
INFO coremltools: Removing op "g_cast_fp16_to_fp32_to_fp16_dtype_0" (type: const)
INFO coremltools: Removing op "u_cast_fp16_to_fp32_to_fp16_dtype_0" (type: const)
INFO coremltools: Removing op "g_cast_fp16_to_fp32" (type: cast)
INFO coremltools: Removing op "g_cast_fp16_to_fp32_dtype_0" (type: const)
INFO coremltools: Removing op "input.1_cast_fp16_to_fp32_to_fp16_dtype_0" (type: const)
INFO coremltools: Removing op "input.1_cast_fp16_to_fp32" (type: cast)
INFO coremltools: Removing op "input.1_cast_fp16_to_fp32_dtype_0" (type: const)
INFO coremltools: Removing op "u_cast_fp16_to_fp32" (type: cast)
INFO coremltools: Removing op "u_cast_fp16_to_fp32_dtype_0" (type: const)
INFO coremltools: Removing op "w_cast_fp16_to_fp32" (type: cast)
INFO coremltools: Removing op "w_cast_fp16_to_fp32_dtype_0" (type: const)
INFO coremltools: Removing op "16_cast_fp16_to_fp32_to_fp16_dtype_0" (type: const)
INFO coremltools: Removing op "16_cast_fp16_to_fp32" (type: cast)
INFO coremltools: Removing op "16_cast_fp16_to_fp32_dtype_0" (type: const)
INFO coremltools: Removing op "15_cast_fp16_to_fp32_to_fp16_dtype_0" (type: const)
INFO coremltools: Removing op "15_cast_fp16_to_fp32" (type: cast)
INFO coremltools: Removing op "15_cast_fp16_to_fp32_dtype_0" (type: const)
INFO coremltools: Removing op "cast_0_to_fp16_dtype_0" (type: const)
INFO coremltools: Removing op "cast_0" (type: cast)
INFO coremltools: Removing op "cast_0_dtype_0" (type: const)
DEBUG coremltools: Performing pass: "common::add_int16_cast"
DEBUG coremltools: Performing pass: "common::const_elimination"
DEBUG coremltools: Performing pass: "common::dead_code_elimination"
DEBUG coremltools: Performing pass: "common::cast_optimization"
DEBUG coremltools: Performing pass: "common::dead_code_elimination"
DEBUG coremltools: Performing pass: "common::const_elimination"
DEBUG coremltools: Performing pass: "common::canonicalize_inplace_pattern"
DEBUG coremltools: Performing pass: "common::prefer_state_in_downstream"
DEBUG coremltools: Performing pass: "common::const_elimination"
DEBUG coremltools: Performing pass: "common::dead_code_elimination"
DEBUG coremltools: Performing pass: "common::dead_code_elimination"
DEBUG coremltools: Performing pass: "common::const_elimination"
DEBUG coremltools: Performing pass: "common::cast_optimization"
DEBUG coremltools: Performing pass: "common::dead_code_elimination"
DEBUG coremltools: Performing pass: "common::const_elimination"
DEBUG coremltools: Performing pass: "common::const_deduplication"
DEBUG coremltools: Performing pass: "common::dead_code_elimination"
DEBUG coremltools: Performing pass: "common::merge_affine_dequantize_with_consecutive_ops"
DEBUG coremltools: Performing pass: "common::expand_dynamic_linear"
DEBUG coremltools: Performing pass: "common::fuse_transpose_matmul"
DEBUG coremltools: Performing pass: "common::dead_code_elimination"
DEBUG coremltools: Performing pass: "common::const_deduplication"
DEBUG coremltools: Performing pass: "common::loop_invariant_elimination"
DEBUG coremltools: Performing pass: "common::noop_elimination"
DEBUG coremltools: Performing pass: "common::dedup_op_and_var_names"
DEBUG coremltools: Performing pass: "common::reduce_transposes"
DEBUG coremltools: Adding op 'identity_2' of type identity
DEBUG coremltools: Block before optimize transpose transform:
function[CoreML7](%x: (8, 2048, 1, 1, fp16)(Tensor)) {
  block0() {
    %15_cast_fp16: (8, 64, 1, 1, fp16)(Tensor) = conv(x=%x, weight=%router.gate.weight_promoted_to_fp16, strides=[1, 1], pad_type="valid", pad=[0, 0, 0, 0], dilations=[1, 1], groups=1, name="15_cast_fp16")
    %16_cast_fp16: (8, 64, 1, 1, fp16)(Tensor) = softmax(x=%15_cast_fp16, axis=1, name="16_cast_fp16")
    %w_cast_fp16: (8, 1, 1, 1, fp16)(Tensor) = slice_by_index(x=%16_cast_fp16, begin=[0, np.int32(0), 0, 0], end=[8, np.int32(1), 1, 1], end_mask=[True, False, True, True], name="w_cast_fp16")
    %u_cast_fp16: (8, 1024, 1, 1, fp16)(Tensor) = conv(x=%x, weight=%expert.up.weight_promoted_to_fp16, strides=[1, 1], pad_type="valid", pad=[0, 0, 0, 0], dilations=[1, 1], groups=1, name="u_cast_fp16")
    %input.1_cast_fp16: (8, 1024, 1, 1, fp16)(Tensor) = conv(x=%x, weight=%expert.gate.weight_promoted_to_fp16, strides=[1, 1], pad_type="valid", pad=[0, 0, 0, 0], dilations=[1, 1], groups=1, name="input.1_cast_fp16")
    %g_cast_fp16: (8, 1024, 1, 1, fp16)(Tensor) = silu(x=%input.1_cast_fp16, name="g_cast_fp16")
    %input_cast_fp16: (8, 1024, 1, 1, fp16)(Tensor) = mul(x=%u_cast_fp16, y=%g_cast_fp16, name="input_cast_fp16")
    %54_cast_fp16: (8, 2048, 1, 1, fp16)(Tensor) = conv(x=%input_cast_fp16, weight=%expert.down.weight_promoted_to_fp16, strides=[1, 1], pad_type="valid", pad=[0, 0, 0, 0], dilations=[1, 1], groups=1, name="54_cast_fp16")
    %y: (8, 2048, 1, 1, fp16)(Tensor) = mul(x=%54_cast_fp16, y=%w_cast_fp16, name="55_cast_fp16")
    %identity_2: (8, 2048, 1, 1, fp16)(Tensor) = identity(x=%y, name="identity_2")
  } -> (%identity_2)
}

DEBUG coremltools: Block after optimize transpose transform:
function[CoreML7](%x: (8, 2048, 1, 1, fp16)(Tensor)) {
  block0() {
    %15_cast_fp16: (8, 64, 1, 1, fp16)(Tensor) = conv(x=%x, weight=%router.gate.weight_promoted_to_fp16, strides=[1, 1], pad_type="valid", pad=[0, 0, 0, 0], dilations=[1, 1], groups=1, name="15_cast_fp16")
    %16_cast_fp16: (8, 64, 1, 1, fp16)(Tensor) = softmax(x=%15_cast_fp16, axis=1, name="16_cast_fp16")
    %w_cast_fp16: (8, 1, 1, 1, fp16)(Tensor) = slice_by_index(x=%16_cast_fp16, begin=[0, np.int32(0), 0, 0], end=[8, np.int32(1), 1, 1], end_mask=[True, False, True, True], name="w_cast_fp16")
    %u_cast_fp16: (8, 1024, 1, 1, fp16)(Tensor) = conv(x=%x, weight=%expert.up.weight_promoted_to_fp16, strides=[1, 1], pad_type="valid", pad=[0, 0, 0, 0], dilations=[1, 1], groups=1, name="u_cast_fp16")
    %input.1_cast_fp16: (8, 1024, 1, 1, fp16)(Tensor) = conv(x=%x, weight=%expert.gate.weight_promoted_to_fp16, strides=[1, 1], pad_type="valid", pad=[0, 0, 0, 0], dilations=[1, 1], groups=1, name="input.1_cast_fp16")
    %g_cast_fp16: (8, 1024, 1, 1, fp16)(Tensor) = silu(x=%input.1_cast_fp16, name="g_cast_fp16")
    %input_cast_fp16: (8, 1024, 1, 1, fp16)(Tensor) = mul(x=%u_cast_fp16, y=%g_cast_fp16, name="input_cast_fp16")
    %54_cast_fp16: (8, 2048, 1, 1, fp16)(Tensor) = conv(x=%input_cast_fp16, weight=%expert.down.weight_promoted_to_fp16, strides=[1, 1], pad_type="valid", pad=[0, 0, 0, 0], dilations=[1, 1], groups=1, name="54_cast_fp16")
    %y: (8, 2048, 1, 1, fp16)(Tensor) = mul(x=%54_cast_fp16, y=%w_cast_fp16, name="55_cast_fp16")
  } -> (%y)
}

DEBUG coremltools: Downcast const op 15_strides_0 data int64 as int32
DEBUG coremltools: Downcast const op 15_strides_0 data int64 as int32
DEBUG coremltools: Downcast const op 15_pad_0 data int64 as int32
DEBUG coremltools: Downcast const op 15_pad_0 data int64 as int32
DEBUG coremltools: Downcast const op 15_dilations_0 data int64 as int32
DEBUG coremltools: Downcast const op 15_dilations_0 data int64 as int32
DEBUG coremltools: Downcast const op w_begin_0 data int64 as int32
DEBUG coremltools: Downcast const op w_begin_0 data int64 as int32
DEBUG coremltools: Downcast const op w_end_0 data int64 as int32
DEBUG coremltools: Downcast const op w_end_0 data int64 as int32
DEBUG coremltools: Downcast const op u_strides_0 data int64 as int32
DEBUG coremltools: Downcast const op u_strides_0 data int64 as int32
DEBUG coremltools: Downcast const op u_pad_0 data int64 as int32
DEBUG coremltools: Downcast const op u_pad_0 data int64 as int32
DEBUG coremltools: Downcast const op u_dilations_0 data int64 as int32
DEBUG coremltools: Downcast const op u_dilations_0 data int64 as int32
DEBUG coremltools: Downcast const op input.1_strides_0 data int64 as int32
DEBUG coremltools: Downcast const op input.1_strides_0 data int64 as int32
DEBUG coremltools: Downcast const op input.1_pad_0 data int64 as int32
DEBUG coremltools: Downcast const op input.1_pad_0 data int64 as int32
DEBUG coremltools: Downcast const op input.1_dilations_0 data int64 as int32
DEBUG coremltools: Downcast const op input.1_dilations_0 data int64 as int32
DEBUG coremltools: Downcast const op 54_strides_0 data int64 as int32
DEBUG coremltools: Downcast const op 54_strides_0 data int64 as int32
DEBUG coremltools: Downcast const op 54_pad_0 data int64 as int32
DEBUG coremltools: Downcast const op 54_pad_0 data int64 as int32
DEBUG coremltools: Downcast const op 54_dilations_0 data int64 as int32
DEBUG coremltools: Downcast const op 54_dilations_0 data int64 as int32
DEBUG coremltools: Performing pass: "common::remove_redundant_ops"
DEBUG coremltools: Performing pass: "common::topological_reorder"
DEBUG coremltools: Performing pass: "common::dead_code_elimination"
DEBUG coremltools: Program after default pipeline:

main[CoreML7](%x: (8, 2048, 1, 1, fp16)(Tensor)) {
  block0() {
    %15_cast_fp16: (8, 64, 1, 1, fp16)(Tensor) = conv(x=%x, weight=%router.gate.weight_promoted_to_fp16, strides=[1, 1], pad_type="valid", pad=[0, 0, 0, 0], dilations=[1, 1], groups=1, name="15_cast_fp16")
    %16_cast_fp16: (8, 64, 1, 1, fp16)(Tensor) = softmax(x=%15_cast_fp16, axis=1, name="16_cast_fp16")
    %w_cast_fp16: (8, 1, 1, 1, fp16)(Tensor) = slice_by_index(x=%16_cast_fp16, begin=[0, np.int32(0), 0, 0], end=[8, np.int32(1), 1, 1], end_mask=[True, False, True, True], name="w_cast_fp16")
    %u_cast_fp16: (8, 1024, 1, 1, fp16)(Tensor) = conv(x=%x, weight=%expert.up.weight_promoted_to_fp16, strides=[1, 1], pad_type="valid", pad=[0, 0, 0, 0], dilations=[1, 1], groups=1, name="u_cast_fp16")
    %input.1_cast_fp16: (8, 1024, 1, 1, fp16)(Tensor) = conv(x=%x, weight=%expert.gate.weight_promoted_to_fp16, strides=[1, 1], pad_type="valid", pad=[0, 0, 0, 0], dilations=[1, 1], groups=1, name="input.1_cast_fp16")
    %g_cast_fp16: (8, 1024, 1, 1, fp16)(Tensor) = silu(x=%input.1_cast_fp16, name="g_cast_fp16")
    %input_cast_fp16: (8, 1024, 1, 1, fp16)(Tensor) = mul(x=%u_cast_fp16, y=%g_cast_fp16, name="input_cast_fp16")
    %54_cast_fp16: (8, 2048, 1, 1, fp16)(Tensor) = conv(x=%input_cast_fp16, weight=%expert.down.weight_promoted_to_fp16, strides=[1, 1], pad_type="valid", pad=[0, 0, 0, 0], dilations=[1, 1], groups=1, name="54_cast_fp16")
    %y: (8, 2048, 1, 1, fp16)(Tensor) = mul(x=%54_cast_fp16, y=%w_cast_fp16, name="55_cast_fp16")
  } -> (%y)
}

DEBUG coremltools: Program before backend_mlprogram pipeline:

main[CoreML7](%x: (8, 2048, 1, 1, fp16)(Tensor)) {
  block0() {
    %15_cast_fp16: (8, 64, 1, 1, fp16)(Tensor) = conv(x=%x, weight=%router.gate.weight_promoted_to_fp16, strides=[1, 1], pad_type="valid", pad=[0, 0, 0, 0], dilations=[1, 1], groups=1, name="15_cast_fp16")
    %16_cast_fp16: (8, 64, 1, 1, fp16)(Tensor) = softmax(x=%15_cast_fp16, axis=1, name="16_cast_fp16")
    %w_cast_fp16: (8, 1, 1, 1, fp16)(Tensor) = slice_by_index(x=%16_cast_fp16, begin=[0, np.int32(0), 0, 0], end=[8, np.int32(1), 1, 1], end_mask=[True, False, True, True], name="w_cast_fp16")
    %u_cast_fp16: (8, 1024, 1, 1, fp16)(Tensor) = conv(x=%x, weight=%expert.up.weight_promoted_to_fp16, strides=[1, 1], pad_type="valid", pad=[0, 0, 0, 0], dilations=[1, 1], groups=1, name="u_cast_fp16")
    %input.1_cast_fp16: (8, 1024, 1, 1, fp16)(Tensor) = conv(x=%x, weight=%expert.gate.weight_promoted_to_fp16, strides=[1, 1], pad_type="valid", pad=[0, 0, 0, 0], dilations=[1, 1], groups=1, name="input.1_cast_fp16")
    %g_cast_fp16: (8, 1024, 1, 1, fp16)(Tensor) = silu(x=%input.1_cast_fp16, name="g_cast_fp16")
    %input_cast_fp16: (8, 1024, 1, 1, fp16)(Tensor) = mul(x=%u_cast_fp16, y=%g_cast_fp16, name="input_cast_fp16")
    %54_cast_fp16: (8, 2048, 1, 1, fp16)(Tensor) = conv(x=%input_cast_fp16, weight=%expert.down.weight_promoted_to_fp16, strides=[1, 1], pad_type="valid", pad=[0, 0, 0, 0], dilations=[1, 1], groups=1, name="54_cast_fp16")
    %y: (8, 2048, 1, 1, fp16)(Tensor) = mul(x=%54_cast_fp16, y=%w_cast_fp16, name="55_cast_fp16")
  } -> (%y)
}

DEBUG coremltools: Performing pass: "common::const_elimination"
DEBUG coremltools: Performing pass: "mil_backend::adjust_io_to_supported_types"
DEBUG coremltools: Performing pass: "mil_backend::insert_image_preprocessing_ops"
DEBUG coremltools: Performing pass: "mil_backend::fuse_activation_silu"
DEBUG coremltools: Performing pass: "mil_backend::fuse_pow2_sqrt"
DEBUG coremltools: Performing pass: "common::const_elimination"
DEBUG coremltools: Performing pass: "common::const_deduplication"
DEBUG coremltools: Performing pass: "common::cast_optimization"
DEBUG coremltools: Performing pass: "common::dead_code_elimination"
DEBUG coremltools: Performing pass: "mil_backend::sanitize_name_strings"
DEBUG coremltools: Performing pass: "common::dedup_op_and_var_names"
DEBUG coremltools: Performing pass: "nn_backend::handle_unused_inputs"
DEBUG coremltools: Program after backend_mlprogram pipeline:

main[CoreML7](%x: (8, 2048, 1, 1, fp16)(Tensor)) {
  block0() {
    %var_15_cast_fp16: (8, 64, 1, 1, fp16)(Tensor) = conv(x=%x, weight=%router_gate_weight_promoted_to_fp16, strides=[1, 1], pad_type="valid", pad=[0, 0, 0, 0], dilations=[1, 1], groups=1, name="op_15_cast_fp16")
    %var_16_cast_fp16: (8, 64, 1, 1, fp16)(Tensor) = softmax(x=%var_15_cast_fp16, axis=1, name="op_16_cast_fp16")
    %w_cast_fp16: (8, 1, 1, 1, fp16)(Tensor) = slice_by_index(x=%var_16_cast_fp16, begin=[0, np.int32(0), 0, 0], end=[8, np.int32(1), 1, 1], end_mask=[True, False, True, True], name="w_cast_fp16")
    %u_cast_fp16: (8, 1024, 1, 1, fp16)(Tensor) = conv(x=%x, weight=%expert_up_weight_promoted_to_fp16, strides=[1, 1], pad_type="valid", pad=[0, 0, 0, 0], dilations=[1, 1], groups=1, name="u_cast_fp16")
    %input_1_cast_fp16: (8, 1024, 1, 1, fp16)(Tensor) = conv(x=%x, weight=%expert_gate_weight_promoted_to_fp16, strides=[1, 1], pad_type="valid", pad=[0, 0, 0, 0], dilations=[1, 1], groups=1, name="input_1_cast_fp16")
    %g_cast_fp16: (8, 1024, 1, 1, fp16)(Tensor) = silu(x=%input_1_cast_fp16, name="g_cast_fp16")
    %input_cast_fp16: (8, 1024, 1, 1, fp16)(Tensor) = mul(x=%u_cast_fp16, y=%g_cast_fp16, name="input_cast_fp16")
    %var_54_cast_fp16: (8, 2048, 1, 1, fp16)(Tensor) = conv(x=%input_cast_fp16, weight=%expert_down_weight_promoted_to_fp16, strides=[1, 1], pad_type="valid", pad=[0, 0, 0, 0], dilations=[1, 1], groups=1, name="op_54_cast_fp16")
    %y: (8, 2048, 1, 1, fp16)(Tensor) = mul(x=%var_54_cast_fp16, y=%w_cast_fp16, name="op_55_cast_fp16")
  } -> (%y)
}


--- captured stderr ---
Converting PyTorch Frontend ==> MIL Ops:   0%|          | 0/44 [00:00<?, ? ops/s]Converting PyTorch Frontend ==> MIL Ops:  98%|#########7| 43/44 [00:00<00:00, 3283.90 ops/s]
Running MIL frontend_pytorch pipeline:   0%|          | 0/5 [00:00<?, ? passes/s]Running MIL frontend_pytorch pipeline: 100%|##########| 5/5 [00:00<00:00, 2455.39 passes/s]
Running MIL default pipeline:   0%|          | 0/95 [00:00<?, ? passes/s]Running MIL default pipeline:  62%|######2   | 59/95 [00:00<00:00, 345.24 passes/s]Running MIL default pipeline: 100%|##########| 95/95 [00:00<00:00, 489.75 passes/s]
Running MIL backend_mlprogram pipeline:   0%|          | 0/12 [00:00<?, ? passes/s]Running MIL backend_mlprogram pipeline: 100%|##########| 12/12 [00:00<00:00, 4011.13 passes/s]
